==============================================================================

                  ------ MOMENTUM STATISTICS (MW mode) ------

              Momentum MomEngine_64 2022.00.265 (*) built: Jul  2 2021
                           Mon Sep 26 16:29:02 2022

==============================================================================


------------------------------------------------------------------------------
MESH
------------------------------------------------------------------------------
 Frequency          : 10 GHz

 Rectangular cells  : 3
 Quadrangular cells : 12
 Triangular cells   : 0
 Via cells          : 8

 Edge currents      : 42

------------------------------------------------------------------------------
SOLVER                        USER TIME      ELAPSED TIME      MEMORY         
PROCESSES                      (h:m:s)          (h:m:s)         (MB)          
------------------------------------------------------------------------------

SIMULATION SET-UP
-----------------
 Initialization           |     0: 0: 0   |     0: 0: 0   |     47.42   
 Ports analysis           |     0: 0: 0   |     0: 0: 0   |      0.06   
 Mesh processing          |     0: 0: 0   |     0: 0: 0   |     22.32   

 Matrix size : 62
 Reduced matrix size : 58
 Estimated process size is below 256.00 MB

 Simulation temperature : 298.15 K

1. SIMULATION FREQUENCY = 0 Hz 
-------------------------
 Green functions          |     0: 0: 1   |     0: 0: 1   |      2.41   
 Basis creation           |     0: 0: 0   |     0: 0: 0   |      0.68   
 Matrix load              |     0: 0: 0   |     0: 0: 0   |     19.84   
 Matrix solve             |     0: 0: 0   |     0: 0: 0   |      0.70   
 S parameters             |     0: 0: 0   |     0: 0: 0   |      0.01   

2. SIMULATION FREQUENCY = 10 GHz 
-------------------------
 Green functions          |     0: 0: 2   |     0: 0: 0   |      0.48   
 Matrix load              |     0: 0: 0   |     0: 0: 0   |      7.78   
 Matrix solve             |     0: 0: 0   |     0: 0: 0   |      0.00   
 S parameters             |     0: 0: 0   |     0: 0: 0   |      0.00   
 Adaptive sampling        |     0: 0: 0   |     0: 0: 0   |      0.00   

3. SIMULATION FREQUENCY = 6.66667 GHz 
-------------------------
 Green functions          |     0: 0: 1   |     0: 0: 0   |      0.00   
 Matrix load              |     0: 0: 1   |     0: 0: 0   |      0.04   
 Matrix solve             |     0: 0: 0   |     0: 0: 0   |      0.00   
 S parameters             |     0: 0: 0   |     0: 0: 0   |      0.00   
 Adaptive sampling        |     0: 0: 0   |     0: 0: 1   |      0.00   

4. SIMULATION FREQUENCY = 3.33333 GHz 
-------------------------
 Green functions          |     0: 0: 1   |     0: 0: 0   |      0.00   
 Matrix load              |     0: 0: 0   |     0: 0: 0   |      0.32   
 Matrix solve             |     0: 0: 0   |     0: 0: 0   |      0.00   
 S parameters             |     0: 0: 0   |     0: 0: 0   |      0.00   
 Adaptive sampling        |     0: 0: 0   |     0: 0: 0   |      0.00   

------------------------------------------------------------------------------
TOTALS
------------------------------------------------------------------------------
 Nr of Frequencies   : 4 

 Physical memory :   102.06 MB
 Virtual memory  :    95.94 MB
 Page faults     :       36752
 User Time       :    0h 0m 6s
 Elapsed Time    :    0h 0m 2s

==============================================================================

