==============================================================================

                  ------ MOMENTUM STATISTICS (MW mode) ------

              Momentum MomEngine_64 2022.00.265 (*) built: Jul  2 2021
                           Sun Oct  9 16:30:47 2022

==============================================================================


------------------------------------------------------------------------------
MESH
------------------------------------------------------------------------------
 Frequency          : 35 GHz

 Rectangular cells  : 337
 Quadrangular cells : 635
 Triangular cells   : 316
 Via cells          : 451

 Edge currents      : 2917

------------------------------------------------------------------------------
SOLVER                        USER TIME      ELAPSED TIME      MEMORY         
PROCESSES                      (h:m:s)          (h:m:s)         (MB)          
------------------------------------------------------------------------------

SIMULATION SET-UP
-----------------
 Initialization           |     0: 0: 0   |     0: 0: 1   |     53.32   
 Ports analysis           |     0: 0: 0   |     0: 0: 0   |      0.05   
 Mesh processing          |     0: 0: 0   |     0: 0: 0   |    110.26   

 Matrix size : 4505
 Reduced matrix size : 2657
 Estimated process size is below 256.00 MB

 Simulation temperature : 298.15 K

1. SIMULATION FREQUENCY = 25 GHz 
-------------------------
 Green functions          |     0: 0: 5   |     0: 0: 0   |      2.91   
 Basis creation           |     0: 0: 0   |     0: 0: 0   |     56.53   
 Matrix load              |     0: 1:21   |     0: 0: 6   |     96.26   
 Matrix solve             |     0: 0: 5   |     0: 0: 1   |     37.12   
 S parameters             |     0: 0: 0   |     0: 0: 0   |      0.51   

2. SIMULATION FREQUENCY = 35 GHz 
-------------------------
 Green functions          |     0: 0: 6   |     0: 0: 1   |      0.55   
 Matrix load              |     0: 1:18   |     0: 0: 7   |     17.54   
 Matrix solve             |     0: 0: 4   |     0: 0: 0   |      0.99   
 S parameters             |     0: 0: 0   |     0: 0: 0   |      0.00   
 Adaptive sampling        |     0: 0: 1   |     0: 0: 0   |      0.00   

3. SIMULATION FREQUENCY = 31.6667 GHz 
-------------------------
 Green functions          |     0: 0: 7   |     0: 0: 1   |      0.00   
 Matrix load              |     0: 1:44   |     0: 0: 7   |      3.25   
 Matrix solve             |     0: 0: 3   |     0: 0: 1   |      0.50   
 S parameters             |     0: 0: 0   |     0: 0: 0   |      0.00   
 Adaptive sampling        |     0: 0: 1   |     0: 0: 0   |      0.00   

4. SIMULATION FREQUENCY = 28.3333 GHz 
-------------------------
 Green functions          |     0: 0: 7   |     0: 0: 1   |      0.00   
 Matrix load              |     0: 1:44   |     0: 0: 7   |      1.52   
 Matrix solve             |     0: 0: 3   |     0: 0: 1   |      0.40   
 S parameters             |     0: 0: 0   |     0: 0: 0   |      0.00   
 Adaptive sampling        |     0: 0: 2   |     0: 0: 0   |      0.00   

5. SIMULATION FREQUENCY = 26.6667 GHz 
-------------------------
 Green functions          |     0: 0: 7   |     0: 0: 1   |      0.00   
 Matrix load              |     0: 1:43   |     0: 0: 7   |      1.89   
 Matrix solve             |     0: 0: 4   |     0: 0: 1   |      0.06   
 S parameters             |     0: 0: 0   |     0: 0: 0   |      0.00   
 Adaptive sampling        |     0: 0: 1   |     0: 0: 0   |      0.00   

------------------------------------------------------------------------------
TOTALS
------------------------------------------------------------------------------
 Nr of Frequencies   : 5 

 Physical memory :   383.67 MB
 Virtual memory  :   603.38 MB
 Page faults     :      119751
 User Time       :    0h 8m46s
 Elapsed Time    :    0h 0m43s

==============================================================================

