==============================================================================

                  ------ MOMENTUM STATISTICS (MW mode) ------

              Momentum MomEngine_64 2022.00.265 (*) built: Jul  2 2021
                           Mon Oct 10 15:44:20 2022

==============================================================================


------------------------------------------------------------------------------
MESH
------------------------------------------------------------------------------
 Frequency          : 35 GHz

 Rectangular cells  : 279
 Quadrangular cells : 1021
 Triangular cells   : 488
 Via cells          : 679

 Edge currents      : 4178

------------------------------------------------------------------------------
SOLVER                        USER TIME      ELAPSED TIME      MEMORY         
PROCESSES                      (h:m:s)          (h:m:s)         (MB)          
------------------------------------------------------------------------------

SIMULATION SET-UP
-----------------
 Initialization           |     0: 0: 0   |     0: 0: 1   |     56.22   
 Ports analysis           |     0: 0: 0   |     0: 0: 0   |      0.12   
 Mesh processing          |     0: 0: 0   |     0: 0: 0   |    163.53   

 Matrix size : 6272
 Reduced matrix size : 3594
 Estimated process size : 262.06 MB

 Simulation temperature : 298.15 K

1. SIMULATION FREQUENCY = 25 GHz 
-------------------------
 Green functions          |     0: 0: 9   |     0: 0: 1   |      3.16   
 Basis creation           |     0: 0: 0   |     0: 0: 0   |     81.20   
 Matrix load              |     0: 2:51   |     0: 0:12   |    151.42   
 Matrix solve             |     0: 0:12   |     0: 0: 2   |     63.11   
 S parameters             |     0: 0: 0   |     0: 0: 0   |      0.93   

2. SIMULATION FREQUENCY = 35 GHz 
-------------------------
 Green functions          |     0: 0:13   |     0: 0: 1   |      0.43   
 Matrix load              |     0: 3:38   |     0: 0:15   |     22.44   
 Matrix solve             |     0: 0:11   |     0: 0: 2   |      0.46   
 S parameters             |     0: 0: 0   |     0: 0: 0   |      0.00   
 Adaptive sampling        |     0: 0: 1   |     0: 0: 0   |      0.00   

3. SIMULATION FREQUENCY = 31.6667 GHz 
-------------------------
 Green functions          |     0: 0:13   |     0: 0: 1   |      0.00   
 Matrix load              |     0: 3:37   |     0: 0:16   |      7.36   
 Matrix solve             |     0: 0:11   |     0: 0: 1   |      0.38   
 S parameters             |     0: 0: 0   |     0: 0: 0   |      0.00   
 Adaptive sampling        |     0: 0: 1   |     0: 0: 0   |      0.00   

4. SIMULATION FREQUENCY = 28.3333 GHz 
-------------------------
 Green functions          |     0: 0:12   |     0: 0: 1   |      0.00   
 Matrix load              |     0: 3:36   |     0: 0:15   |      0.00   
 Matrix solve             |     0: 0:11   |     0: 0: 2   |      0.00   
 S parameters             |     0: 0: 0   |     0: 0: 0   |      0.00   
 Adaptive sampling        |     0: 0: 2   |     0: 0: 0   |      0.00   

5. SIMULATION FREQUENCY = 27.2222 GHz 
-------------------------
 Green functions          |     0: 0:12   |     0: 0: 1   |      0.00   
 Matrix load              |     0: 3:43   |     0: 0:15   |      2.00   
 Matrix solve             |     0: 0:10   |     0: 0: 2   |      0.11   
 S parameters             |     0: 0: 1   |     0: 0: 0   |      0.00   
 Adaptive sampling        |     0: 0: 1   |     0: 0: 0   |      0.00   

------------------------------------------------------------------------------
TOTALS
------------------------------------------------------------------------------
 Nr of Frequencies   : 5 

 Physical memory :   552.86 MB
 Virtual memory  :   802.04 MB
 Page faults     :      182641
 User Time       :    0h19m25s
 Elapsed Time    :    0h 1m28s

==============================================================================

