License checkout took 0.026 sec
License checkout took 0.015 sec
Momentum MomEngine_64 2022.00.265 (*) built: Jul  2 2021
Copyright  1992 - 2021 Keysight Technologies
Simulation started on: Mon Oct 10 15:44:02 2022
Simulation Mode: uW
Substrate valid
Using the minimal snap distance of 0.004 um
(4 layout resolution points) for layout healing.

--- WARNING -------------------------------------------------------------------

Layout healing changed the layout. The actual
highest aggregate snap distance was 0.004 um.
Further details have been written to the DRC
report.

-------------------------------------------------------------------------------
Layout simplification started
.........|.........|.........|.........| 
Layout simplification finished
Generating mesh at 35 GHz...
S-parameter simulation
S-parameter simulation started
...initializing
...extracting layout
...expanding thick conductors
...analyzing ports
...reducing mesh
Automatic selection: direct compressed matrix solver
Using multi-threading (16 threads)
Matrix size: 6272 (reduced: 3594)
Simulation temperature: 298.15 K
Adaptive frequency sweep started
Simulation frequency [1] = 25 GHz
...loading Green functions
...creating Basis sections
...allocating interaction matrix
...loading interaction matrix
.........|.........|.........|.........| 
...solving interaction matrix
.........|.........|.........|.........| 
...calculating S-parameters
Simulation frequency [2] = 35 GHz
...loading Green functions
...loading interaction matrix
.........|.........|.........|.........| 
...solving interaction matrix
.........|.........|.........|.........| 
...calculating S-parameters
Adaptive:   0.0 % of frequency range covered
Simulation frequency [3] = 31.6667 GHz
...loading Green functions
...loading interaction matrix
.........|.........|.........|.........| 
...solving interaction matrix
.........|.........|.........|.........| 
...calculating S-parameters
Simulation frequency [4] = 28.3333 GHz
...loading Green functions
...loading interaction matrix
.........|.........|.........|.........| 
...solving interaction matrix
.........|.........|.........|.........| 
...calculating S-parameters
Simulation frequency [5] = 27.2222 GHz
...loading Green functions
...loading interaction matrix
.........|.........|.........|.........| 
...solving interaction matrix
.........|.........|.........|.........| 
...calculating S-parameters
Adaptive: 100.0 % of frequency range covered
S-parameter simulation finished
Simulation finished on: Mon Oct 10 15:45:48 2022
The simulation results have been saved in dataset "FirstStageLayout_MomUW".
